2014-03-16T01:36:29.410247+00:00 app[web.1]: 	at org.apache.catalina.core.ApplicationDispatcher.doForward(ApplicationDispatcher.java:412)
2014-03-16T01:36:29.410247+00:00 app[web.1]: 	at org.apache.catalina.core.ApplicationDispatcher.forward(ApplicationDispatcher.java:339)
2014-03-16T01:36:29.409914+00:00 app[web.1]: 	at org.apache.catalina.core.StandardWrapper.allocate(StandardWrapper.java:858)
2014-03-16T01:36:29.410247+00:00 app[web.1]: 	at org.apache.catalina.core.ApplicationDispatcher.invoke(ApplicationDispatcher.java:722)
2014-03-16T01:36:29.410247+00:00 app[web.1]: 	at org.apache.catalina.core.ApplicationDispatcher.processRequest(ApplicationDispatcher.java:489)
2014-03-16T01:36:29.410247+00:00 app[web.1]: 	at org.apache.catalina.core.StandardHostValve.custom(StandardHostValve.java:467)
2014-03-16T01:36:29.410247+00:00 app[web.1]: 	at org.apache.catalina.core.StandardHostValve.throwable(StandardHostValve.java:412)
2014-03-16T01:36:29.410247+00:00 app[web.1]: 	at org.apache.catalina.core.StandardHostValve.invoke(StandardHostValve.java:201)
2014-03-16T01:36:29.410247+00:00 app[web.1]: 	at org.apache.catalina.valves.ErrorReportValve.invoke(ErrorReportValve.java:99)
2014-03-16T01:36:29.410460+00:00 app[web.1]: 	at org.apache.tomcat.util.net.NioEndpoint$SocketProcessor.run(NioEndpoint.java:1653)
2014-03-16T01:36:29.410460+00:00 app[web.1]: 	at java.util.concurrent.ThreadPoolExecutor.runWorker(ThreadPoolExecutor.java:1146)
2014-03-16T01:36:29.410247+00:00 app[web.1]: 	at org.apache.catalina.core.StandardEngineValve.invoke(StandardEngineValve.java:118)
2014-03-16T01:36:29.410247+00:00 app[web.1]: 	at org.apache.catalina.connector.CoyoteAdapter.service(CoyoteAdapter.java:407)
2014-03-16T01:36:29.410460+00:00 app[web.1]: 	at org.apache.coyote.http11.AbstractHttp11Processor.process(AbstractHttp11Processor.java:1004)
2014-03-16T01:36:29.410460+00:00 app[web.1]: 	at org.apache.coyote.AbstractProtocol$AbstractConnectionHandler.process(AbstractProtocol.java:589)
2014-03-16T01:36:29.410460+00:00 app[web.1]: Mar 16, 2014 1:36:29 AM org.apache.catalina.core.StandardHostValve custom
2014-03-16T01:36:29.410460+00:00 app[web.1]: SEVERE: Exception Processing ErrorPage[exceptionType=java.lang.Exception, location=/uncaughtException]
2014-03-16T01:36:29.410460+00:00 app[web.1]: 	at java.util.concurrent.ThreadPoolExecutor$Worker.run(ThreadPoolExecutor.java:615)
2014-03-16T01:36:29.410460+00:00 app[web.1]: 	at java.lang.Thread.run(Thread.java:679)
2014-03-16T01:36:29.410797+00:00 app[web.1]: 	at org.apache.catalina.core.StandardWrapper.allocate(StandardWrapper.java:858)
2014-03-16T01:36:29.410797+00:00 app[web.1]: 	at org.apache.catalina.core.ApplicationDispatcher.invoke(ApplicationDispatcher.java:722)
2014-03-16T01:36:29.410460+00:00 app[web.1]: javax.servlet.ServletException: Servlet.init() for servlet kolomet threw exception
2014-03-16T01:36:29.410460+00:00 app[web.1]: 	at org.apache.catalina.core.StandardWrapper.initServlet(StandardWrapper.java:1292)
2014-03-16T01:36:29.410797+00:00 app[web.1]: 	at org.apache.catalina.core.StandardWrapper.loadServlet(StandardWrapper.java:1186)
2014-03-16T01:36:29.410797+00:00 app[web.1]: 	at org.apache.catalina.core.ApplicationDispatcher.processRequest(ApplicationDispatcher.java:489)
2014-03-16T01:36:29.410797+00:00 app[web.1]: 	at org.apache.catalina.core.ApplicationDispatcher.doForward(ApplicationDispatcher.java:412)
2014-03-16T01:36:29.410797+00:00 app[web.1]: 	at org.apache.catalina.core.ApplicationDispatcher.forward(ApplicationDispatcher.java:339)
2014-03-16T01:36:29.410797+00:00 app[web.1]: 	at org.apache.catalina.core.StandardHostValve.custom(StandardHostValve.java:467)
2014-03-16T01:36:29.410963+00:00 app[web.1]: 	at org.apache.catalina.core.StandardEngineValve.invoke(StandardEngineValve.java:118)
2014-03-16T01:36:29.410963+00:00 app[web.1]: 	at org.apache.coyote.http11.AbstractHttp11Processor.process(AbstractHttp11Processor.java:1004)
2014-03-16T01:36:29.410797+00:00 app[web.1]: 	at org.apache.catalina.core.StandardHostValve.throwable(StandardHostValve.java:412)
2014-03-16T01:36:29.410797+00:00 app[web.1]: 	at org.apache.catalina.core.StandardHostValve.invoke(StandardHostValve.java:201)
2014-03-16T01:36:29.410963+00:00 app[web.1]: 	at org.apache.catalina.connector.CoyoteAdapter.service(CoyoteAdapter.java:407)
2014-03-16T01:36:29.410797+00:00 app[web.1]: 	at org.apache.catalina.valves.ErrorReportValve.invoke(ErrorReportValve.java:99)
2014-03-16T01:36:29.410963+00:00 app[web.1]: 	at java.util.concurrent.ThreadPoolExecutor.runWorker(ThreadPoolExecutor.java:1146)
2014-03-16T01:36:29.410963+00:00 app[web.1]: 	at java.util.concurrent.ThreadPoolExecutor$Worker.run(ThreadPoolExecutor.java:615)
2014-03-16T01:36:29.410963+00:00 app[web.1]: 	at org.apache.coyote.AbstractProtocol$AbstractConnectionHandler.process(AbstractProtocol.java:589)
2014-03-16T01:36:29.410963+00:00 app[web.1]: 	at org.apache.tomcat.util.net.NioEndpoint$SocketProcessor.run(NioEndpoint.java:1653)
2014-03-16T01:36:29.411268+00:00 app[web.1]: 	at org.springframework.beans.factory.support.AbstractAutowireCapableBeanFactory.populateBean(AbstractAutowireCapableBeanFactory.java:1106)
2014-03-16T01:36:29.410963+00:00 app[web.1]: 	at java.lang.Thread.run(Thread.java:679)
2014-03-16T01:36:29.410963+00:00 app[web.1]: Caused by: org.springframework.beans.factory.BeanCreationException: Error creating bean with name 'introController': Injection of autowired dependencies failed; nested exception is org.springframework.beans.factory.BeanCreationException: Could not autowire field: private cz.kolomet.repository.ProducerRepository cz.kolomet.web.AbstractController.producerRepository; nested exception is org.springframework.beans.factory.NoSuchBeanDefinitionException: No matching bean of type [cz.kolomet.repository.ProducerRepository] found for dependency: expected at least 1 bean which qualifies as autowire candidate for this dependency. Dependency annotations: {@org.springframework.beans.factory.annotation.Autowired(required=true)}
2014-03-16T01:36:29.410963+00:00 app[web.1]: 	at org.springframework.beans.factory.annotation.AutowiredAnnotationBeanPostProcessor.postProcessPropertyValues(AutowiredAnnotationBeanPostProcessor.java:287)
2014-03-16T01:36:29.411268+00:00 app[web.1]: 	at org.springframework.beans.factory.support.DefaultSingletonBeanRegistry.getSingleton(DefaultSingletonBeanRegistry.java:225)
2014-03-16T01:36:29.411268+00:00 app[web.1]: 	at org.springframework.beans.factory.support.AbstractAutowireCapableBeanFactory.doCreateBean(AbstractAutowireCapableBeanFactory.java:517)
2014-03-16T01:36:29.411268+00:00 app[web.1]: 	at org.springframework.beans.factory.support.AbstractAutowireCapableBeanFactory.createBean(AbstractAutowireCapableBeanFactory.java:456)
2014-03-16T01:36:29.411268+00:00 app[web.1]: 	at org.springframework.beans.factory.support.AbstractBeanFactory$1.getObject(AbstractBeanFactory.java:294)
2014-03-16T01:36:29.411268+00:00 app[web.1]: 	at org.springframework.beans.factory.support.AbstractBeanFactory.getBean(AbstractBeanFactory.java:193)
2014-03-16T01:36:29.411268+00:00 app[web.1]: 	at org.springframework.beans.factory.support.DefaultListableBeanFactory.preInstantiateSingletons(DefaultListableBeanFactory.java:585)
2014-03-16T01:36:29.411268+00:00 app[web.1]: 	at org.springframework.context.support.AbstractApplicationContext.finishBeanFactoryInitialization(AbstractApplicationContext.java:913)
2014-03-16T01:36:29.411268+00:00 app[web.1]: 	at org.springframework.beans.factory.support.AbstractBeanFactory.doGetBean(AbstractBeanFactory.java:291)
2014-03-16T01:36:29.411432+00:00 app[web.1]: 	at org.springframework.web.servlet.FrameworkServlet.configureAndRefreshWebApplicationContext(FrameworkServlet.java:631)
2014-03-16T01:36:29.411432+00:00 app[web.1]: 	at org.springframework.web.servlet.FrameworkServlet.createWebApplicationContext(FrameworkServlet.java:588)
2014-03-16T01:36:29.411432+00:00 app[web.1]: 	at org.springframework.web.servlet.FrameworkServlet.createWebApplicationContext(FrameworkServlet.java:645)
2014-03-16T01:36:29.411268+00:00 app[web.1]: 	at org.springframework.context.support.AbstractApplicationContext.refresh(AbstractApplicationContext.java:464)
2014-03-16T01:36:29.411432+00:00 app[web.1]: 	... 18 more
2014-03-16T01:36:29.411432+00:00 app[web.1]: 	at org.springframework.web.servlet.FrameworkServlet.initServletBean(FrameworkServlet.java:449)
2014-03-16T01:36:29.411432+00:00 app[web.1]: 	at org.springframework.web.servlet.HttpServletBean.init(HttpServletBean.java:133)
2014-03-16T01:36:29.411432+00:00 app[web.1]: 	at javax.servlet.GenericServlet.init(GenericServlet.java:160)
2014-03-16T01:36:29.411432+00:00 app[web.1]: 	at org.apache.catalina.core.StandardWrapper.initServlet(StandardWrapper.java:1267)
2014-03-16T01:36:29.411432+00:00 app[web.1]: 	at org.springframework.web.servlet.FrameworkServlet.initWebApplicationContext(FrameworkServlet.java:508)
2014-03-16T01:36:29.411865+00:00 app[web.1]: 	at org.springframework.beans.factory.annotation.AutowiredAnnotationBeanPostProcessor.postProcessPropertyValues(AutowiredAnnotationBeanPostProcessor.java:284)
2014-03-16T01:36:29.411432+00:00 app[web.1]: Caused by: org.springframework.beans.factory.BeanCreationException: Could not autowire field: private cz.kolomet.repository.ProducerRepository cz.kolomet.web.AbstractController.producerRepository; nested exception is org.springframework.beans.factory.NoSuchBeanDefinitionException: No matching bean of type [cz.kolomet.repository.ProducerRepository] found for dependency: expected at least 1 bean which qualifies as autowire candidate for this dependency. Dependency annotations: {@org.springframework.beans.factory.annotation.Autowired(required=true)}
2014-03-16T01:36:29.411865+00:00 app[web.1]: 	at org.springframework.beans.factory.annotation.AutowiredAnnotationBeanPostProcessor$AutowiredFieldElement.inject(AutowiredAnnotationBeanPostProcessor.java:506)
2014-03-16T01:36:29.411865+00:00 app[web.1]: 	at org.springframework.beans.factory.annotation.InjectionMetadata.inject(InjectionMetadata.java:87)
2014-03-16T01:36:29.411865+00:00 app[web.1]: 	at org.springframework.beans.factory.support.DefaultListableBeanFactory.raiseNoSuchBeanDefinitionException(DefaultListableBeanFactory.java:924)
2014-03-16T01:36:29.411865+00:00 app[web.1]: Caused by: org.springframework.beans.factory.NoSuchBeanDefinitionException: No matching bean of type [cz.kolomet.repository.ProducerRepository] found for dependency: expected at least 1 bean which qualifies as autowire candidate for this dependency. Dependency annotations: {@org.springframework.beans.factory.annotation.Autowired(required=true)}
2014-03-16T01:36:29.411865+00:00 app[web.1]: 	at org.springframework.beans.factory.support.DefaultListableBeanFactory.doResolveDependency(DefaultListableBeanFactory.java:793)
2014-03-16T01:36:29.411865+00:00 app[web.1]: 	at org.springframework.beans.factory.support.DefaultListableBeanFactory.resolveDependency(DefaultListableBeanFactory.java:707)
2014-03-16T01:36:29.411865+00:00 app[web.1]: 	... 36 more
2014-03-16T01:36:29.411865+00:00 app[web.1]: 	... 38 more
2014-03-16T01:36:29.411865+00:00 app[web.1]: 	at org.springframework.beans.factory.annotation.AutowiredAnnotationBeanPostProcessor$AutowiredFieldElement.inject(AutowiredAnnotationBeanPostProcessor.java:478)
2014-03-16T01:42:41.689321+00:00 heroku[api]: Starting process with command `help` by jiri.slovak@gmail.com
2014-03-16T01:42:50.595932+00:00 heroku[run.7600]: Starting process with command `help`
2014-03-16T01:42:50.552360+00:00 heroku[run.7600]: Awaiting client
2014-03-16T01:42:50.336441+00:00 heroku[run.7600]: State changed from starting to up
2014-03-16T01:42:52.469014+00:00 heroku[run.7600]: Process exited with status 0
2014-03-16T01:42:52.473234+00:00 heroku[run.7600]: State changed from up to complete
2014-03-16T01:44:53.166297+00:00 heroku[api]: Starting process with command `mvn:clean` by jiri.slovak@gmail.com
2014-03-16T01:44:59.552975+00:00 heroku[run.7523]: Awaiting client
2014-03-16T01:44:59.583139+00:00 heroku[run.7523]: Starting process with command `mvn:clean`
2014-03-16T01:45:00.961747+00:00 heroku[run.7523]: Process exited with status 127
2014-03-16T01:45:00.974395+00:00 heroku[run.7523]: State changed from up to complete
2014-03-16T01:44:59.716277+00:00 heroku[run.7523]: State changed from starting to up
2014-03-16T01:46:03.125583+00:00 heroku[api]: Starting process with command `help` by jiri.slovak@gmail.com
2014-03-16T01:46:09.614764+00:00 heroku[run.4694]: Awaiting client
2014-03-16T01:46:09.655250+00:00 heroku[run.4694]: Starting process with command `help`
2014-03-16T01:46:11.223098+00:00 heroku[run.4694]: Process exited with status 0
2014-03-16T01:46:09.744549+00:00 heroku[run.4694]: State changed from starting to up
2014-03-16T01:46:11.230997+00:00 heroku[run.4694]: State changed from up to complete
2014-03-16T01:46:36.932717+00:00 heroku[api]: Starting process with command `cd .` by jiri.slovak@gmail.com
2014-03-16T01:46:43.881474+00:00 heroku[run.3840]: Awaiting client
2014-03-16T01:46:43.924775+00:00 heroku[run.3840]: Starting process with command `cd .`
2014-03-16T01:46:43.883053+00:00 heroku[run.3840]: State changed from starting to up
2014-03-16T01:46:45.426427+00:00 heroku[run.3840]: State changed from up to complete
2014-03-16T01:46:45.412922+00:00 heroku[run.3840]: Process exited with status 0
2014-03-16T01:47:21.551402+00:00 heroku[api]: Starting process with command `dirs` by jiri.slovak@gmail.com
2014-03-16T01:47:29.009853+00:00 heroku[run.2522]: State changed from starting to up
2014-03-16T01:47:29.055411+00:00 heroku[run.2522]: Awaiting client
2014-03-16T01:47:29.098971+00:00 heroku[run.2522]: Starting process with command `dirs`
2014-03-16T01:47:30.524413+00:00 heroku[run.2522]: Process exited with status 0
2014-03-16T01:47:30.534552+00:00 heroku[run.2522]: State changed from up to complete
